<?xml version="1.0" encoding="UTF-8"?>
<testsuite xmlns:xsi="http://www.w3.org/2001/XMLSchema-instance" xsi:noNamespaceSchemaLocation="https://maven.apache.org/surefire/maven-surefire-plugin/xsd/surefire-test-report.xsd" name="tw.edu.nctu.cs.lxchen.st.lab3_mvn.TestPriorityQueue" time="0.075" tests="8" errors="0" skipped="0" failures="1">
  <properties>
[...]
</properties>
  <testcase name="nullPointerExceptionTest" classname="tw.edu.nctu.cs.lxchen.st.lab3_mvn.TestPriorityQueue" time="0.006"/>
  <testcase name="illegalArgumentExceptionTest" classname="tw.edu.nctu.cs.lxchen.st.lab3_mvn.TestPriorityQueue" time="0"/>
  <testcase name="parameterizedTest{int[], int[]}[1]" classname="tw.edu.nctu.cs.lxchen.st.lab3_mvn.TestPriorityQueue" time="0.018"/>
  <testcase name="parameterizedTest{int[], int[]}[2]" classname="tw.edu.nctu.cs.lxchen.st.lab3_mvn.TestPriorityQueue" time="0.001"/>
  <testcase name="parameterizedTest{int[], int[]}[3]" classname="tw.edu.nctu.cs.lxchen.st.lab3_mvn.TestPriorityQueue" time="0"/>
  <testcase name="parameterizedTest{int[], int[]}[4]" classname="tw.edu.nctu.cs.lxchen.st.lab3_mvn.TestPriorityQueue" time="0"/>
  <testcase name="parameterizedTest{int[], int[]}[5]" classname="tw.edu.nctu.cs.lxchen.st.lab3_mvn.TestPriorityQueue" time="0.011">
    <failure message="expected: &lt;9&gt; but was: &lt;5&gt;" type="org.opentest4j.AssertionFailedError"><![CDATA[org.opentest4j.AssertionFailedError: expected: <9> but was: <5>
	at tw.edu.nctu.cs.lxchen.st.lab3_mvn.TestPriorityQueue.parameterizedTest(TestPriorityQueue.java:24)
]]></failure>
  </testcase>
  <testcase name="classCastExceptionTest" classname="tw.edu.nctu.cs.lxchen.st.lab3_mvn.TestPriorityQueue" time="0"/>
</testsuite>